<?xml version="1.0" encoding="UTF-8"?>
<!-- Generated by org.testng.reporters.JUnitXMLReporter -->
<testsuite ignored="3" hostname="LAPTOP-F0T44AR1" failures="0" tests="1" name="Default test" time="19.326" errors="0" timestamp="2022-11-09T18:09:48 EET">
  <testcase classname="Tests.VerifyTests" name="loginWrongName" time="14.876"/>
  <testcase classname="Tests.VerifyTests" name="login" time="0.0">
    <ignored/>
  </testcase> <!-- login -->
  <testcase classname="Tests.VerifyTests" name="registrationOnlyName" time="0.0">
    <ignored/>
  </testcase> <!-- registrationOnlyName -->
  <testcase classname="Tests.VerifyTests" name="signUp" time="0.0">
    <ignored/>
  </testcase> <!-- signUp -->
</testsuite> <!-- Default test -->
