<?xml version="1.0" encoding="UTF-8"?>
<!-- Generated by org.testng.reporters.JUnitXMLReporter -->
<testsuite ignored="1" hostname="LAPTOP-F0T44AR1" failures="0" tests="3" name="CalculatorRegistrationTest" time="54.471" errors="0" timestamp="2022-11-09T18:15:17 EET">
  <testcase classname="Tests.VerifyTests" name="signUp" time="17.461"/>
  <testcase classname="Tests.VerifyTests" name="login" time="17.149"/>
  <testcase classname="Tests.VerifyTests" name="loginWrongName" time="14.902"/>
  <testcase classname="Tests.VerifyTests" name="registrationOnlyName" time="0.0">
    <ignored/>
  </testcase> <!-- registrationOnlyName -->
</testsuite> <!-- CalculatorRegistrationTest -->
