<?xml version="1.0" encoding="UTF-8"?>
<testng-results ignored="1" total="4" passed="3" failed="0" skipped="0">
  <reporter-output>
  </reporter-output>
  <suite started-at="2022-11-09T18:14:22 EET" name="CalculatorSuite" finished-at="2022-11-09T18:15:17 EET" duration-ms="54471">
    <groups>
    </groups>
    <test started-at="2022-11-09T18:14:22 EET" name="CalculatorRegistrationTest" finished-at="2022-11-09T18:15:17 EET" duration-ms="54471">
      <class name="Tests.VerifyTests">
        <test-method is-config="true" signature="SetUp()[pri:0, instance:Tests.VerifyTests@399f45b1]" started-at="2022-11-09T18:14:22 EET" name="SetUp" finished-at="2022-11-09T18:14:27 EET" duration-ms="4660" status="PASS">
          <reporter-output>
          </reporter-output>
        </test-method> <!-- SetUp -->
        <test-method signature="signUp()[pri:1, instance:Tests.VerifyTests@399f45b1]" started-at="2022-11-09T18:14:27 EET" name="signUp" finished-at="2022-11-09T18:14:44 EET" duration-ms="17461" status="PASS">
          <reporter-output>
          </reporter-output>
        </test-method> <!-- signUp -->
        <test-method signature="login()[pri:2, instance:Tests.VerifyTests@399f45b1]" started-at="2022-11-09T18:14:44 EET" name="login" finished-at="2022-11-09T18:15:01 EET" duration-ms="17149" status="PASS">
          <reporter-output>
          </reporter-output>
        </test-method> <!-- login -->
        <test-method signature="loginWrongName()[pri:3, instance:Tests.VerifyTests@399f45b1]" started-at="2022-11-09T18:15:01 EET" name="loginWrongName" finished-at="2022-11-09T18:15:16 EET" duration-ms="14902" status="PASS">
          <reporter-output>
          </reporter-output>
        </test-method> <!-- loginWrongName -->
        <test-method is-config="true" signature="TearDown()[pri:0, instance:Tests.VerifyTests@399f45b1]" started-at="2022-11-09T18:15:16 EET" name="TearDown" finished-at="2022-11-09T18:15:17 EET" duration-ms="215" status="PASS">
          <reporter-output>
          </reporter-output>
        </test-method> <!-- TearDown -->
      </class> <!-- Tests.VerifyTests -->
    </test> <!-- CalculatorRegistrationTest -->
  </suite> <!-- CalculatorSuite -->
</testng-results>
